# JRE version: OpenJDK Runtime Environment (8.0_242-b01) (build 1.8.0_242-release-1644-b01)
# Java VM: OpenJDK 64-Bit Server VM (25.242-b01 mixed mode windows-amd64 compressed oops)
Heap:
 PSYoungGen      total 448512K, used 33023K [0x00000000d5580000, 0x00000000f2a00000, 0x0000000100000000)
  eden space 417280K, 7% used [0x00000000d5580000,0x00000000d75bfee8,0x00000000eed00000)
  from space 31232K, 0% used [0x00000000eed00000,0x00000000eed00000,0x00000000f0b80000)
  to   space 22016K, 0% used [0x00000000f1480000,0x00000000f1480000,0x00000000f2a00000)
 ParOldGen       total 109568K, used 76116K [0x0000000080000000, 0x0000000086b00000, 0x00000000d5580000)
  object space 109568K, 69% used [0x0000000080000000,0x0000000084a553b8,0x0000000086b00000)
 Metaspace       used 87969K, capacity 91862K, committed 91944K, reserved 1128448K
  class space    used 11479K, capacity 12267K, committed 12328K, reserved 1048576K
GC Heap History (10 events):
Event: 16.408 GC heap before
{Heap before GC invocations=15 (full 3):
 PSYoungGen      total 348160K, used 348145K [0x00000000d5580000, 0x00000000f3300000, 0x0000000100000000)
  eden space 323072K, 100% used [0x00000000d5580000,0x00000000e9100000,0x00000000e9100000)
  from space 25088K, 99% used [0x00000000e9100000,0x00000000ea97c418,0x00000000ea980000)
  to   space 31232K, 0% used [0x00000000f1480000,0x00000000f1480000,0x00000000f3300000)
 ParOldGen       total 109568K, used 41870K [0x0000000080000000, 0x0000000086b00000, 0x00000000d5580000)
  object space 109568K, 38% used [0x0000000080000000,0x00000000828e3910,0x0000000086b00000)
 Metaspace       used 73021K, capacity 76092K, committed 76328K, reserved 1116160K
  class space    used 9796K, capacity 10426K, committed 10536K, reserved 1048576K
Event: 16.438 GC heap after
Heap after GC invocations=15 (full 3):
 PSYoungGen      total 439296K, used 17611K [0x00000000d5580000, 0x00000000f2a00000, 0x0000000100000000)
  eden space 417280K, 0% used [0x00000000d5580000,0x00000000d5580000,0x00000000eed00000)
  from space 22016K, 79% used [0x00000000f1480000,0x00000000f25b2c00,0x00000000f2a00000)
  to   space 31232K, 0% used [0x00000000eed00000,0x00000000eed00000,0x00000000f0b80000)
 ParOldGen       total 109568K, used 65248K [0x0000000080000000, 0x0000000086b00000, 0x00000000d5580000)
  object space 109568K, 59% used [0x0000000080000000,0x0000000083fb8370,0x0000000086b00000)
 Metaspace       used 73021K, capacity 76092K, committed 76328K, reserved 1116160K
  class space    used 9796K, capacity 10426K, committed 10536K, reserved 1048576K
}
Event: 19.804 GC heap before
{Heap before GC invocations=16 (full 3):
 PSYoungGen      total 439296K, used 434891K [0x00000000d5580000, 0x00000000f2a00000, 0x0000000100000000)
  eden space 417280K, 100% used [0x00000000d5580000,0x00000000eed00000,0x00000000eed00000)
  from space 22016K, 79% used [0x00000000f1480000,0x00000000f25b2c00,0x00000000f2a00000)
  to   space 31232K, 0% used [0x00000000eed00000,0x00000000eed00000,0x00000000f0b80000)
 ParOldGen       total 109568K, used 65248K [0x0000000080000000, 0x0000000086b00000, 0x00000000d5580000)
  object space 109568K, 59% used [0x0000000080000000,0x0000000083fb8370,0x0000000086b00000)
 Metaspace       used 82938K, capacity 86720K, committed 86824K, reserved 1124352K
  class space    used 11035K, capacity 11782K, committed 11816K, reserved 1048576K
Event: 19.860 GC heap after
Heap after GC invocations=16 (full 3):
 PSYoungGen      total 448512K, used 31218K [0x00000000d5580000, 0x00000000f2a00000, 0x0000000100000000)
  eden space 417280K, 0% used [0x00000000d5580000,0x00000000d5580000,0x00000000eed00000)
  from space 31232K, 99% used [0x00000000eed00000,0x00000000f0b7c870,0x00000000f0b80000)
  to   space 22016K, 0% used [0x00000000f1480000,0x00000000f1480000,0x00000000f2a00000)
 ParOldGen       total 109568K, used 90725K [0x0000000080000000, 0x0000000086b00000, 0x00000000d5580000)
  object space 109568K, 82% used [0x0000000080000000,0x0000000085899490,0x0000000086b00000)
 Metaspace       used 82938K, capacity 86720K, committed 86824K, reserved 1124352K
  class space    used 11035K, capacity 11782K, committed 11816K, reserved 1048576K
}
Event: 19.860 GC heap before
{Heap before GC invocations=17 (full 4):
 PSYoungGen      total 448512K, used 31218K [0x00000000d5580000, 0x00000000f2a00000, 0x0000000100000000)
  eden space 417280K, 0% used [0x00000000d5580000,0x00000000d5580000,0x00000000eed00000)
  from space 31232K, 99% used [0x00000000eed00000,0x00000000f0b7c870,0x00000000f0b80000)
  to   space 22016K, 0% used [0x00000000f1480000,0x00000000f1480000,0x00000000f2a00000)
 ParOldGen       total 109568K, used 90725K [0x0000000080000000, 0x0000000086b00000, 0x00000000d5580000)
  object space 109568K, 82% used [0x0000000080000000,0x0000000085899490,0x0000000086b00000)
 Metaspace       used 82938K, capacity 86720K, committed 86824K, reserved 1124352K
  class space    used 11035K, capacity 11782K, committed 11816K, reserved 1048576K
Event: 20.076 GC heap after
Heap after GC invocations=17 (full 4):
 PSYoungGen      total 448512K, used 0K [0x00000000d5580000, 0x00000000f2a00000, 0x0000000100000000)
  eden space 417280K, 0% used [0x00000000d5580000,0x00000000d5580000,0x00000000eed00000)
  from space 31232K, 0% used [0x00000000eed00000,0x00000000eed00000,0x00000000f0b80000)
  to   space 22016K, 0% used [0x00000000f1480000,0x00000000f1480000,0x00000000f2a00000)
 ParOldGen       total 109568K, used 96944K [0x0000000080000000, 0x0000000086b00000, 0x00000000d5580000)
  object space 109568K, 88% used [0x0000000080000000,0x0000000085eac298,0x0000000086b00000)
 Metaspace       used 82687K, capacity 86036K, committed 86824K, reserved 1124352K
  class space    used 10951K, capacity 11636K, committed 11816K, reserved 1048576K
}
Event: 23.020 GC heap before
{Heap before GC invocations=18 (full 5):
 PSYoungGen      total 448512K, used 417280K [0x00000000d5580000, 0x00000000f2a00000, 0x0000000100000000)
  eden space 417280K, 100% used [0x00000000d5580000,0x00000000eed00000,0x00000000eed00000)
  from space 31232K, 0% used [0x00000000eed00000,0x00000000eed00000,0x00000000f0b80000)
  to   space 22016K, 0% used [0x00000000f1480000,0x00000000f1480000,0x00000000f2a00000)
 ParOldGen       total 109568K, used 96944K [0x0000000080000000, 0x0000000086b00000, 0x00000000d5580000)
  object space 109568K, 88% used [0x0000000080000000,0x0000000085eac298,0x0000000086b00000)
 Metaspace       used 86822K, capacity 90710K, committed 90792K, reserved 1128448K
  class space    used 11368K, capacity 12125K, committed 12200K, reserved 1048576K
Event: 23.582 GC heap after
Heap after GC invocations=18 (full 5):
 PSYoungGen      total 448512K, used 33356K [0x00000000d5580000, 0x00000000f2a00000, 0x0000000100000000)
  eden space 417280K, 7% used [0x00000000d5580000,0x00000000d76133e0,0x00000000eed00000)
  from space 31232K, 0% used [0x00000000eed00000,0x00000000eed00000,0x00000000f0b80000)
  to   space 22016K, 0% used [0x00000000f1480000,0x00000000f1480000,0x00000000f2a00000)
 ParOldGen       total 109568K, used 109340K [0x0000000080000000, 0x0000000086b00000, 0x00000000d5580000)
  object space 109568K, 99% used [0x0000000080000000,0x0000000086ac7298,0x0000000086b00000)
 Metaspace       used 86753K, capacity 90500K, committed 90792K, reserved 1128448K
  class space    used 11345K, capacity 12084K, committed 12200K, reserved 1048576K
}
Event: 25.496 GC heap before
{Heap before GC invocations=19 (full 6):
 PSYoungGen      total 448512K, used 413847K [0x00000000d5580000, 0x00000000f2a00000, 0x0000000100000000)
  eden space 417280K, 99% used [0x00000000d5580000,0x00000000ee9a5da8,0x00000000eed00000)
  from space 31232K, 0% used [0x00000000eed00000,0x00000000eed00000,0x00000000f0b80000)
  to   space 22016K, 0% used [0x00000000f1480000,0x00000000f1480000,0x00000000f2a00000)
 ParOldGen       total 109568K, used 109340K [0x0000000080000000, 0x0000000086b00000, 0x00000000d5580000)
  object space 109568K, 99% used [0x0000000080000000,0x0000000086ac7298,0x0000000086b00000)
 Metaspace       used 87760K, capacity 91652K, committed 91944K, reserved 1128448K
  class space    used 11460K, capacity 12228K, committed 12328K, reserved 1048576K
Event: 25.633 GC heap after
Heap after GC invocations=19 (full 6):
 PSYoungGen      total 448512K, used 0K [0x00000000d5580000, 0x00000000f2a00000, 0x0000000100000000)
  eden space 417280K, 0% used [0x00000000d5580000,0x00000000d5580000,0x00000000eed00000)
  from space 31232K, 0% used [0x00000000eed00000,0x00000000eed00000,0x00000000f0b80000)
  to   space 22016K, 0% used [0x00000000f1480000,0x00000000f1480000,0x00000000f2a00000)
 ParOldGen       total 109568K, used 76116K [0x0000000080000000, 0x0000000086b00000, 0x00000000d5580000)
  object space 109568K, 69% used [0x0000000080000000,0x0000000084a553b8,0x0000000086b00000)
 Metaspace       used 87760K, capacity 91652K, committed 91944K, reserved 1128448K
  class space    used 11460K, capacity 12228K, committed 12328K, reserved 1048576K
}

