# JRE version: OpenJDK Runtime Environment (8.0_242-b01) (build 1.8.0_242-release-1644-b01)
# Java VM: OpenJDK 64-Bit Server VM (25.242-b01 mixed mode windows-amd64 compressed oops)
Heap:
 PSYoungGen      total 267776K, used 76276K [0x00000000d5580000, 0x00000000ed680000, 0x0000000100000000)
  eden space 226304K, 33% used [0x00000000d5580000,0x00000000d9ffd370,0x00000000e3280000)
  from space 41472K, 0% used [0x00000000e3280000,0x00000000e3280000,0x00000000e5b00000)
  to   space 60416K, 0% used [0x00000000e9b80000,0x00000000e9b80000,0x00000000ed680000)
 ParOldGen       total 120832K, used 120812K [0x0000000080000000, 0x0000000087600000, 0x00000000d5580000)
  object space 120832K, 99% used [0x0000000080000000,0x00000000875fb2b8,0x0000000087600000)
 Metaspace       used 91292K, capacity 95254K, committed 95896K, reserved 1132544K
  class space    used 11728K, capacity 12535K, committed 12712K, reserved 1048576K
GC Heap History (10 events):
Event: 40.261 GC heap before
{Heap before GC invocations=24 (full 3):
 PSYoungGen      total 228352K, used 228338K [0x00000000d5580000, 0x00000000e6c80000, 0x0000000100000000)
  eden space 200192K, 100% used [0x00000000d5580000,0x00000000e1900000,0x00000000e1900000)
  from space 28160K, 99% used [0x00000000e3d80000,0x00000000e58fcae0,0x00000000e5900000)
  to   space 37376K, 0% used [0x00000000e1900000,0x00000000e1900000,0x00000000e3d80000)
 ParOldGen       total 120832K, used 58098K [0x0000000080000000, 0x0000000087600000, 0x00000000d5580000)
  object space 120832K, 48% used [0x0000000080000000,0x00000000838bcab8,0x0000000087600000)
 Metaspace       used 88850K, capacity 93050K, committed 93336K, reserved 1130496K
  class space    used 11504K, capacity 12329K, committed 12456K, reserved 1048576K
Event: 40.294 GC heap after
Heap after GC invocations=24 (full 3):
 PSYoungGen      total 237568K, used 31212K [0x00000000d5580000, 0x00000000e8400000, 0x0000000100000000)
  eden space 200192K, 0% used [0x00000000d5580000,0x00000000d5580000,0x00000000e1900000)
  from space 37376K, 83% used [0x00000000e1900000,0x00000000e377b188,0x00000000e3d80000)
  to   space 40960K, 0% used [0x00000000e5c00000,0x00000000e5c00000,0x00000000e8400000)
 ParOldGen       total 120832K, used 67667K [0x0000000080000000, 0x0000000087600000, 0x00000000d5580000)
  object space 120832K, 56% used [0x0000000080000000,0x0000000084214f80,0x0000000087600000)
 Metaspace       used 88850K, capacity 93050K, committed 93336K, reserved 1130496K
  class space    used 11504K, capacity 12329K, committed 12456K, reserved 1048576K
}
Event: 42.822 GC heap before
{Heap before GC invocations=25 (full 3):
 PSYoungGen      total 237568K, used 231404K [0x00000000d5580000, 0x00000000e8400000, 0x0000000100000000)
  eden space 200192K, 100% used [0x00000000d5580000,0x00000000e1900000,0x00000000e1900000)
  from space 37376K, 83% used [0x00000000e1900000,0x00000000e377b188,0x00000000e3d80000)
  to   space 40960K, 0% used [0x00000000e5c00000,0x00000000e5c00000,0x00000000e8400000)
 ParOldGen       total 120832K, used 67667K [0x0000000080000000, 0x0000000087600000, 0x00000000d5580000)
  object space 120832K, 56% used [0x0000000080000000,0x0000000084214f80,0x0000000087600000)
 Metaspace       used 89683K, capacity 93882K, committed 94104K, reserved 1130496K
  class space    used 11570K, capacity 12417K, committed 12456K, reserved 1048576K
Event: 42.841 GC heap after
Heap after GC invocations=25 (full 3):
 PSYoungGen      total 266752K, used 24176K [0x00000000d5580000, 0x00000000e8380000, 0x0000000100000000)
  eden space 226304K, 0% used [0x00000000d5580000,0x00000000d5580000,0x00000000e3280000)
  from space 40448K, 59% used [0x00000000e5c00000,0x00000000e739c0a0,0x00000000e8380000)
  to   space 41472K, 0% used [0x00000000e3280000,0x00000000e3280000,0x00000000e5b00000)
 ParOldGen       total 120832K, used 67675K [0x0000000080000000, 0x0000000087600000, 0x00000000d5580000)
  object space 120832K, 56% used [0x0000000080000000,0x0000000084216f80,0x0000000087600000)
 Metaspace       used 89683K, capacity 93882K, committed 94104K, reserved 1130496K
  class space    used 11570K, capacity 12417K, committed 12456K, reserved 1048576K
}
Event: 43.994 GC heap before
{Heap before GC invocations=26 (full 3):
 PSYoungGen      total 266752K, used 250480K [0x00000000d5580000, 0x00000000e8380000, 0x0000000100000000)
  eden space 226304K, 100% used [0x00000000d5580000,0x00000000e3280000,0x00000000e3280000)
  from space 40448K, 59% used [0x00000000e5c00000,0x00000000e739c0a0,0x00000000e8380000)
  to   space 41472K, 0% used [0x00000000e3280000,0x00000000e3280000,0x00000000e5b00000)
 ParOldGen       total 120832K, used 67675K [0x0000000080000000, 0x0000000087600000, 0x00000000d5580000)
  object space 120832K, 56% used [0x0000000080000000,0x0000000084216f80,0x0000000087600000)
 Metaspace       used 90646K, capacity 95008K, committed 95256K, reserved 1132544K
  class space    used 11687K, capacity 12550K, committed 12584K, reserved 1048576K
Event: 44.081 GC heap after
Heap after GC invocations=26 (full 3):
 PSYoungGen      total 267776K, used 41469K [0x00000000d5580000, 0x00000000ed680000, 0x0000000100000000)
  eden space 226304K, 0% used [0x00000000d5580000,0x00000000d5580000,0x00000000e3280000)
  from space 41472K, 99% used [0x00000000e3280000,0x00000000e5aff640,0x00000000e5b00000)
  to   space 60416K, 0% used [0x00000000e9b80000,0x00000000e9b80000,0x00000000ed680000)
 ParOldGen       total 120832K, used 101452K [0x0000000080000000, 0x0000000087600000, 0x00000000d5580000)
  object space 120832K, 83% used [0x0000000080000000,0x00000000863131f8,0x0000000087600000)
 Metaspace       used 90646K, capacity 95008K, committed 95256K, reserved 1132544K
  class space    used 11687K, capacity 12550K, committed 12584K, reserved 1048576K
}
Event: 44.081 GC heap before
{Heap before GC invocations=27 (full 4):
 PSYoungGen      total 267776K, used 41469K [0x00000000d5580000, 0x00000000ed680000, 0x0000000100000000)
  eden space 226304K, 0% used [0x00000000d5580000,0x00000000d5580000,0x00000000e3280000)
  from space 41472K, 99% used [0x00000000e3280000,0x00000000e5aff640,0x00000000e5b00000)
  to   space 60416K, 0% used [0x00000000e9b80000,0x00000000e9b80000,0x00000000ed680000)
 ParOldGen       total 120832K, used 101452K [0x0000000080000000, 0x0000000087600000, 0x00000000d5580000)
  object space 120832K, 83% used [0x0000000080000000,0x00000000863131f8,0x0000000087600000)
 Metaspace       used 90646K, capacity 95008K, committed 95256K, reserved 1132544K
  class space    used 11687K, capacity 12550K, committed 12584K, reserved 1048576K
Event: 44.626 GC heap after
Heap after GC invocations=27 (full 4):
 PSYoungGen      total 267776K, used 11755K [0x00000000d5580000, 0x00000000ed680000, 0x0000000100000000)
  eden space 226304K, 0% used [0x00000000d5580000,0x00000000d5580000,0x00000000e3280000)
  from space 41472K, 28% used [0x00000000e3280000,0x00000000e3dfade0,0x00000000e5b00000)
  to   space 60416K, 0% used [0x00000000e9b80000,0x00000000e9b80000,0x00000000ed680000)
 ParOldGen       total 120832K, used 120697K [0x0000000080000000, 0x0000000087600000, 0x00000000d5580000)
  object space 120832K, 99% used [0x0000000080000000,0x00000000875de450,0x0000000087600000)
 Metaspace       used 90425K, capacity 94378K, committed 95256K, reserved 1132544K
  class space    used 11612K, capacity 12419K, committed 12584K, reserved 1048576K
}
Event: 45.596 GC heap before
{Heap before GC invocations=28 (full 5):
 PSYoungGen      total 267776K, used 238059K [0x00000000d5580000, 0x00000000ed680000, 0x0000000100000000)
  eden space 226304K, 100% used [0x00000000d5580000,0x00000000e3280000,0x00000000e3280000)
  from space 41472K, 28% used [0x00000000e3280000,0x00000000e3dfade0,0x00000000e5b00000)
  to   space 60416K, 0% used [0x00000000e9b80000,0x00000000e9b80000,0x00000000ed680000)
 ParOldGen       total 120832K, used 120697K [0x0000000080000000, 0x0000000087600000, 0x00000000d5580000)
  object space 120832K, 99% used [0x0000000080000000,0x00000000875de450,0x0000000087600000)
 Metaspace       used 90561K, capacity 94466K, committed 95256K, reserved 1132544K
  class space    used 11628K, capacity 12427K, committed 12584K, reserved 1048576K
Event: 46.507 GC heap after
Heap after GC invocations=28 (full 5):
 PSYoungGen      total 267776K, used 31633K [0x00000000d5580000, 0x00000000ed680000, 0x0000000100000000)
  eden space 226304K, 13% used [0x00000000d5580000,0x00000000d74646c8,0x00000000e3280000)
  from space 41472K, 0% used [0x00000000e3280000,0x00000000e3280000,0x00000000e5b00000)
  to   space 60416K, 0% used [0x00000000e9b80000,0x00000000e9b80000,0x00000000ed680000)
 ParOldGen       total 120832K, used 120812K [0x0000000080000000, 0x0000000087600000, 0x00000000d5580000)
  object space 120832K, 99% used [0x0000000080000000,0x00000000875fb2b8,0x0000000087600000)
 Metaspace       used 90561K, capacity 94466K, committed 95256K, reserved 1132544K
  class space    used 11628K, capacity 12427K, committed 12584K, reserved 1048576K
}

