# JRE version: OpenJDK Runtime Environment (8.0_242-b01) (build 1.8.0_242-release-1644-b01)
# Java VM: OpenJDK 64-Bit Server VM (25.242-b01 mixed mode windows-amd64 compressed oops)
Heap:
 PSYoungGen      total 288768K, used 62639K [0x00000000d5580000, 0x00000000ec280000, 0x0000000100000000)
  eden space 259072K, 19% used [0x00000000d5580000,0x00000000d8637a98,0x00000000e5280000)
  from space 29696K, 42% used [0x00000000ea580000,0x00000000eb1f41b8,0x00000000ec280000)
  to   space 57344K, 0% used [0x00000000e5280000,0x00000000e5280000,0x00000000e8a80000)
 ParOldGen       total 235008K, used 66065K [0x0000000080000000, 0x000000008e580000, 0x00000000d5580000)
  object space 235008K, 28% used [0x0000000080000000,0x00000000840846e0,0x000000008e580000)
 Metaspace       used 90555K, capacity 94490K, committed 94632K, reserved 1132544K
  class space    used 11648K, capacity 12422K, committed 12456K, reserved 1048576K
GC Heap History (10 events):
Event: 50.415 GC heap before
{Heap before GC invocations=22 (full 3):
 PSYoungGen      total 269312K, used 269284K [0x00000000d5580000, 0x00000000e9b80000, 0x0000000100000000)
  eden space 240640K, 100% used [0x00000000d5580000,0x00000000e4080000,0x00000000e4080000)
  from space 28672K, 99% used [0x00000000e6700000,0x00000000e82f9398,0x00000000e8300000)
  to   space 39424K, 0% used [0x00000000e4080000,0x00000000e4080000,0x00000000e6700000)
 ParOldGen       total 103424K, used 51592K [0x0000000080000000, 0x0000000086500000, 0x00000000d5580000)
  object space 103424K, 49% used [0x0000000080000000,0x0000000083262038,0x0000000086500000)
 Metaspace       used 84665K, capacity 88482K, committed 88616K, reserved 1126400K
  class space    used 11244K, capacity 12004K, committed 12072K, reserved 1048576K
Event: 50.521 GC heap after
Heap after GC invocations=22 (full 3):
 PSYoungGen      total 280064K, used 39392K [0x00000000d5580000, 0x00000000ee000000, 0x0000000100000000)
  eden space 240640K, 0% used [0x00000000d5580000,0x00000000d5580000,0x00000000e4080000)
  from space 39424K, 99% used [0x00000000e4080000,0x00000000e66f8348,0x00000000e6700000)
  to   space 59904K, 0% used [0x00000000ea580000,0x00000000ea580000,0x00000000ee000000)
 ParOldGen       total 103424K, used 89405K [0x0000000080000000, 0x0000000086500000, 0x00000000d5580000)
  object space 103424K, 86% used [0x0000000080000000,0x000000008574f468,0x0000000086500000)
 Metaspace       used 84665K, capacity 88482K, committed 88616K, reserved 1126400K
  class space    used 11244K, capacity 12004K, committed 12072K, reserved 1048576K
}
Event: 50.521 GC heap before
{Heap before GC invocations=23 (full 4):
 PSYoungGen      total 280064K, used 39392K [0x00000000d5580000, 0x00000000ee000000, 0x0000000100000000)
  eden space 240640K, 0% used [0x00000000d5580000,0x00000000d5580000,0x00000000e4080000)
  from space 39424K, 99% used [0x00000000e4080000,0x00000000e66f8348,0x00000000e6700000)
  to   space 59904K, 0% used [0x00000000ea580000,0x00000000ea580000,0x00000000ee000000)
 ParOldGen       total 103424K, used 89405K [0x0000000080000000, 0x0000000086500000, 0x00000000d5580000)
  object space 103424K, 86% used [0x0000000080000000,0x000000008574f468,0x0000000086500000)
 Metaspace       used 84665K, capacity 88482K, committed 88616K, reserved 1126400K
  class space    used 11244K, capacity 12004K, committed 12072K, reserved 1048576K
Event: 50.987 GC heap after
Heap after GC invocations=23 (full 4):
 PSYoungGen      total 280064K, used 16314K [0x00000000d5580000, 0x00000000ee000000, 0x0000000100000000)
  eden space 240640K, 0% used [0x00000000d5580000,0x00000000d5580000,0x00000000e4080000)
  from space 39424K, 41% used [0x00000000e4080000,0x00000000e506ebb0,0x00000000e6700000)
  to   space 59904K, 0% used [0x00000000ea580000,0x00000000ea580000,0x00000000ee000000)
 ParOldGen       total 103424K, used 103289K [0x0000000080000000, 0x0000000086500000, 0x00000000d5580000)
  object space 103424K, 99% used [0x0000000080000000,0x00000000864de648,0x0000000086500000)
 Metaspace       used 84484K, capacity 87986K, committed 88616K, reserved 1126400K
  class space    used 11183K, capacity 11896K, committed 12072K, reserved 1048576K
}
Event: 52.089 GC heap before
{Heap before GC invocations=24 (full 5):
 PSYoungGen      total 280064K, used 256954K [0x00000000d5580000, 0x00000000ee000000, 0x0000000100000000)
  eden space 240640K, 100% used [0x00000000d5580000,0x00000000e4080000,0x00000000e4080000)
  from space 39424K, 41% used [0x00000000e4080000,0x00000000e506ebb0,0x00000000e6700000)
  to   space 59904K, 0% used [0x00000000ea580000,0x00000000ea580000,0x00000000ee000000)
 ParOldGen       total 103424K, used 103289K [0x0000000080000000, 0x0000000086500000, 0x00000000d5580000)
  object space 103424K, 99% used [0x0000000080000000,0x00000000864de648,0x0000000086500000)
 Metaspace       used 85476K, capacity 89162K, committed 89384K, reserved 1126400K
  class space    used 11252K, capacity 11986K, committed 12072K, reserved 1048576K
Event: 52.419 GC heap after
Heap after GC invocations=24 (full 5):
 PSYoungGen      total 280064K, used 29044K [0x00000000d5580000, 0x00000000ee000000, 0x0000000100000000)
  eden space 240640K, 12% used [0x00000000d5580000,0x00000000d71dd2f8,0x00000000e4080000)
  from space 39424K, 0% used [0x00000000e4080000,0x00000000e4080000,0x00000000e6700000)
  to   space 59904K, 0% used [0x00000000ea580000,0x00000000ea580000,0x00000000ee000000)
 ParOldGen       total 103424K, used 101170K [0x0000000080000000, 0x0000000086500000, 0x00000000d5580000)
  object space 103424K, 97% used [0x0000000080000000,0x00000000862ccb00,0x0000000086500000)
 Metaspace       used 85475K, capacity 89156K, committed 89384K, reserved 1126400K
  class space    used 11251K, capacity 11985K, committed 12072K, reserved 1048576K
}
Event: 96.474 GC heap before
{Heap before GC invocations=25 (full 6):
 PSYoungGen      total 280064K, used 240640K [0x00000000d5580000, 0x00000000ee000000, 0x0000000100000000)
  eden space 240640K, 100% used [0x00000000d5580000,0x00000000e4080000,0x00000000e4080000)
  from space 39424K, 0% used [0x00000000e4080000,0x00000000e4080000,0x00000000e6700000)
  to   space 59904K, 0% used [0x00000000ea580000,0x00000000ea580000,0x00000000ee000000)
 ParOldGen       total 103424K, used 101170K [0x0000000080000000, 0x0000000086500000, 0x00000000d5580000)
  object space 103424K, 97% used [0x0000000080000000,0x00000000862ccb00,0x0000000086500000)
 Metaspace       used 90283K, capacity 94142K, committed 94376K, reserved 1130496K
  class space    used 11645K, capacity 12418K, committed 12456K, reserved 1048576K
Event: 96.626 GC heap after
Heap after GC invocations=25 (full 6):
 PSYoungGen      total 280064K, used 0K [0x00000000d5580000, 0x00000000ee000000, 0x0000000100000000)
  eden space 240640K, 0% used [0x00000000d5580000,0x00000000d5580000,0x00000000e4080000)
  from space 39424K, 0% used [0x00000000e4080000,0x00000000e4080000,0x00000000e6700000)
  to   space 59904K, 0% used [0x00000000ea580000,0x00000000ea580000,0x00000000ee000000)
 ParOldGen       total 235008K, used 66057K [0x0000000080000000, 0x000000008e580000, 0x00000000d5580000)
  object space 235008K, 28% used [0x0000000080000000,0x00000000840826e0,0x000000008e580000)
 Metaspace       used 90283K, capacity 94142K, committed 94376K, reserved 1130496K
  class space    used 11645K, capacity 12418K, committed 12456K, reserved 1048576K
}
Event: 98.259 GC heap before
{Heap before GC invocations=26 (full 6):
 PSYoungGen      total 280064K, used 240640K [0x00000000d5580000, 0x00000000ee000000, 0x0000000100000000)
  eden space 240640K, 100% used [0x00000000d5580000,0x00000000e4080000,0x00000000e4080000)
  from space 39424K, 0% used [0x00000000e4080000,0x00000000e4080000,0x00000000e6700000)
  to   space 59904K, 0% used [0x00000000ea580000,0x00000000ea580000,0x00000000ee000000)
 ParOldGen       total 235008K, used 66057K [0x0000000080000000, 0x000000008e580000, 0x00000000d5580000)
  object space 235008K, 28% used [0x0000000080000000,0x00000000840826e0,0x000000008e580000)
 Metaspace       used 90550K, capacity 94490K, committed 94632K, reserved 1132544K
  class space    used 11648K, capacity 12422K, committed 12456K, reserved 1048576K
Event: 98.279 GC heap after
Heap after GC invocations=26 (full 6):
 PSYoungGen      total 288768K, used 12752K [0x00000000d5580000, 0x00000000ec280000, 0x0000000100000000)
  eden space 259072K, 0% used [0x00000000d5580000,0x00000000d5580000,0x00000000e5280000)
  from space 29696K, 42% used [0x00000000ea580000,0x00000000eb1f41b8,0x00000000ec280000)
  to   space 57344K, 0% used [0x00000000e5280000,0x00000000e5280000,0x00000000e8a80000)
 ParOldGen       total 235008K, used 66065K [0x0000000080000000, 0x000000008e580000, 0x00000000d5580000)
  object space 235008K, 28% used [0x0000000080000000,0x00000000840846e0,0x000000008e580000)
 Metaspace       used 90550K, capacity 94490K, committed 94632K, reserved 1132544K
  class space    used 11648K, capacity 12422K, committed 12456K, reserved 1048576K
}

