# JRE version: OpenJDK Runtime Environment (8.0_242-b01) (build 1.8.0_242-release-1644-b01)
# Java VM: OpenJDK 64-Bit Server VM (25.242-b01 mixed mode windows-amd64 compressed oops)
Heap:
 PSYoungGen      total 435712K, used 282201K [0x00000000d5580000, 0x00000000fb800000, 0x0000000100000000)
  eden space 403456K, 68% used [0x00000000d5580000,0x00000000e61a3730,0x00000000edf80000)
  from space 32256K, 23% used [0x00000000edf80000,0x00000000ee6f2cd8,0x00000000eff00000)
  to   space 55808K, 0% used [0x00000000f8180000,0x00000000f8180000,0x00000000fb800000)
 ParOldGen       total 238592K, used 112553K [0x0000000080000000, 0x000000008e900000, 0x00000000d5580000)
  object space 238592K, 47% used [0x0000000080000000,0x0000000086dea790,0x000000008e900000)
 Metaspace       used 85331K, capacity 88994K, committed 89768K, reserved 1126400K
  class space    used 11243K, capacity 11976K, committed 12200K, reserved 1048576K
GC Heap History (10 events):
Event: 5.916 GC heap before
{Heap before GC invocations=13 (full 3):
 PSYoungGen      total 341504K, used 18535K [0x00000000d5580000, 0x00000000ec300000, 0x0000000100000000)
  eden space 318976K, 0% used [0x00000000d5580000,0x00000000d5580000,0x00000000e8d00000)
  from space 22528K, 82% used [0x00000000ea500000,0x00000000eb719d08,0x00000000ebb00000)
  to   space 24576K, 0% used [0x00000000e8d00000,0x00000000e8d00000,0x00000000ea500000)
 ParOldGen       total 74752K, used 29970K [0x0000000080000000, 0x0000000084900000, 0x00000000d5580000)
  object space 74752K, 40% used [0x0000000080000000,0x0000000081d44870,0x0000000084900000)
 Metaspace       used 57112K, capacity 58998K, committed 59160K, reserved 1099776K
  class space    used 7836K, capacity 8252K, committed 8360K, reserved 1048576K
Event: 6.072 GC heap after
Heap after GC invocations=13 (full 3):
 PSYoungGen      total 341504K, used 0K [0x00000000d5580000, 0x00000000ec300000, 0x0000000100000000)
  eden space 318976K, 0% used [0x00000000d5580000,0x00000000d5580000,0x00000000e8d00000)
  from space 22528K, 0% used [0x00000000ea500000,0x00000000ea500000,0x00000000ebb00000)
  to   space 24576K, 0% used [0x00000000e8d00000,0x00000000e8d00000,0x00000000ea500000)
 ParOldGen       total 110592K, used 31874K [0x0000000080000000, 0x0000000086c00000, 0x00000000d5580000)
  object space 110592K, 28% used [0x0000000080000000,0x0000000081f20808,0x0000000086c00000)
 Metaspace       used 57109K, capacity 58986K, committed 59160K, reserved 1099776K
  class space    used 7835K, capacity 8250K, committed 8360K, reserved 1048576K
}
Event: 9.316 GC heap before
{Heap before GC invocations=14 (full 3):
 PSYoungGen      total 341504K, used 318976K [0x00000000d5580000, 0x00000000ec300000, 0x0000000100000000)
  eden space 318976K, 100% used [0x00000000d5580000,0x00000000e8d00000,0x00000000e8d00000)
  from space 22528K, 0% used [0x00000000ea500000,0x00000000ea500000,0x00000000ebb00000)
  to   space 24576K, 0% used [0x00000000e8d00000,0x00000000e8d00000,0x00000000ea500000)
 ParOldGen       total 110592K, used 31874K [0x0000000080000000, 0x0000000086c00000, 0x00000000d5580000)
  object space 110592K, 28% used [0x0000000080000000,0x0000000081f20808,0x0000000086c00000)
 Metaspace       used 63498K, capacity 66192K, committed 66344K, reserved 1105920K
  class space    used 8647K, capacity 9209K, committed 9256K, reserved 1048576K
Event: 9.347 GC heap after
Heap after GC invocations=14 (full 3):
 PSYoungGen      total 343552K, used 24547K [0x00000000d5580000, 0x00000000f2480000, 0x0000000100000000)
  eden space 318976K, 0% used [0x00000000d5580000,0x00000000d5580000,0x00000000e8d00000)
  from space 24576K, 99% used [0x00000000e8d00000,0x00000000ea4f8d40,0x00000000ea500000)
  to   space 31232K, 0% used [0x00000000f0600000,0x00000000f0600000,0x00000000f2480000)
 ParOldGen       total 110592K, used 39524K [0x0000000080000000, 0x0000000086c00000, 0x00000000d5580000)
  object space 110592K, 35% used [0x0000000080000000,0x0000000082699060,0x0000000086c00000)
 Metaspace       used 63498K, capacity 66192K, committed 66344K, reserved 1105920K
  class space    used 8647K, capacity 9209K, committed 9256K, reserved 1048576K
}
Event: 12.989 GC heap before
{Heap before GC invocations=15 (full 3):
 PSYoungGen      total 343552K, used 343523K [0x00000000d5580000, 0x00000000f2480000, 0x0000000100000000)
  eden space 318976K, 100% used [0x00000000d5580000,0x00000000e8d00000,0x00000000e8d00000)
  from space 24576K, 99% used [0x00000000e8d00000,0x00000000ea4f8d40,0x00000000ea500000)
  to   space 31232K, 0% used [0x00000000f0600000,0x00000000f0600000,0x00000000f2480000)
 ParOldGen       total 110592K, used 39524K [0x0000000080000000, 0x0000000086c00000, 0x00000000d5580000)
  object space 110592K, 35% used [0x0000000080000000,0x0000000082699060,0x0000000086c00000)
 Metaspace       used 74532K, capacity 77492K, committed 77608K, reserved 1116160K
  class space    used 9882K, capacity 10517K, committed 10536K, reserved 1048576K
Event: 13.033 GC heap after
Heap after GC invocations=15 (full 3):
 PSYoungGen      total 428544K, used 20445K [0x00000000d5580000, 0x00000000f1e80000, 0x0000000100000000)
  eden space 403456K, 0% used [0x00000000d5580000,0x00000000d5580000,0x00000000edf80000)
  from space 25088K, 81% used [0x00000000f0600000,0x00000000f19f74b8,0x00000000f1e80000)
  to   space 32256K, 0% used [0x00000000edf80000,0x00000000edf80000,0x00000000eff00000)
 ParOldGen       total 110592K, used 62001K [0x0000000080000000, 0x0000000086c00000, 0x00000000d5580000)
  object space 110592K, 56% used [0x0000000080000000,0x0000000083c8c468,0x0000000086c00000)
 Metaspace       used 74532K, capacity 77492K, committed 77608K, reserved 1116160K
  class space    used 9882K, capacity 10517K, committed 10536K, reserved 1048576K
}
Event: 15.473 GC heap before
{Heap before GC invocations=16 (full 3):
 PSYoungGen      total 428544K, used 423901K [0x00000000d5580000, 0x00000000f1e80000, 0x0000000100000000)
  eden space 403456K, 100% used [0x00000000d5580000,0x00000000edf80000,0x00000000edf80000)
  from space 25088K, 81% used [0x00000000f0600000,0x00000000f19f74b8,0x00000000f1e80000)
  to   space 32256K, 0% used [0x00000000edf80000,0x00000000edf80000,0x00000000eff00000)
 ParOldGen       total 110592K, used 62001K [0x0000000080000000, 0x0000000086c00000, 0x00000000d5580000)
  object space 110592K, 56% used [0x0000000080000000,0x0000000083c8c468,0x0000000086c00000)
 Metaspace       used 84882K, capacity 88876K, committed 89000K, reserved 1126400K
  class space    used 11290K, capacity 12083K, committed 12200K, reserved 1048576K
Event: 15.555 GC heap after
Heap after GC invocations=16 (full 3):
 PSYoungGen      total 435712K, used 32237K [0x00000000d5580000, 0x00000000fb800000, 0x0000000100000000)
  eden space 403456K, 0% used [0x00000000d5580000,0x00000000d5580000,0x00000000edf80000)
  from space 32256K, 99% used [0x00000000edf80000,0x00000000efefb6b0,0x00000000eff00000)
  to   space 55808K, 0% used [0x00000000f8180000,0x00000000f8180000,0x00000000fb800000)
 ParOldGen       total 112640K, used 112419K [0x0000000080000000, 0x0000000086e00000, 0x00000000d5580000)
  object space 112640K, 99% used [0x0000000080000000,0x0000000086dc8e78,0x0000000086e00000)
 Metaspace       used 84882K, capacity 88876K, committed 89000K, reserved 1126400K
  class space    used 11290K, capacity 12083K, committed 12200K, reserved 1048576K
}
Event: 15.555 GC heap before
{Heap before GC invocations=17 (full 4):
 PSYoungGen      total 435712K, used 32237K [0x00000000d5580000, 0x00000000fb800000, 0x0000000100000000)
  eden space 403456K, 0% used [0x00000000d5580000,0x00000000d5580000,0x00000000edf80000)
  from space 32256K, 99% used [0x00000000edf80000,0x00000000efefb6b0,0x00000000eff00000)
  to   space 55808K, 0% used [0x00000000f8180000,0x00000000f8180000,0x00000000fb800000)
 ParOldGen       total 112640K, used 112419K [0x0000000080000000, 0x0000000086e00000, 0x00000000d5580000)
  object space 112640K, 99% used [0x0000000080000000,0x0000000086dc8e78,0x0000000086e00000)
 Metaspace       used 84882K, capacity 88876K, committed 89000K, reserved 1126400K
  class space    used 11290K, capacity 12083K, committed 12200K, reserved 1048576K
Event: 16.059 GC heap after
Heap after GC invocations=17 (full 4):
 PSYoungGen      total 435712K, used 7627K [0x00000000d5580000, 0x00000000fb800000, 0x0000000100000000)
  eden space 403456K, 0% used [0x00000000d5580000,0x00000000d5580000,0x00000000edf80000)
  from space 32256K, 23% used [0x00000000edf80000,0x00000000ee6f2cd8,0x00000000eff00000)
  to   space 55808K, 0% used [0x00000000f8180000,0x00000000f8180000,0x00000000fb800000)
 ParOldGen       total 238592K, used 112553K [0x0000000080000000, 0x000000008e900000, 0x00000000d5580000)
  object space 238592K, 47% used [0x0000000080000000,0x0000000086dea790,0x000000008e900000)
 Metaspace       used 84666K, capacity 88314K, committed 89000K, reserved 1126400K
  class space    used 11221K, capacity 11960K, committed 12200K, reserved 1048576K
}

