# JRE version: OpenJDK Runtime Environment (8.0_242-b01) (build 1.8.0_242-release-1644-b01)
# Java VM: OpenJDK 64-Bit Server VM (25.242-b01 mixed mode windows-amd64 compressed oops)
Heap:
 PSYoungGen      total 466432K, used 387775K [0x00000000d5580000, 0x00000000fb880000, 0x0000000100000000)
  eden space 432640K, 83% used [0x00000000d5580000,0x00000000eb705ac0,0x00000000efc00000)
  from space 33792K, 76% used [0x00000000efc00000,0x00000000f152a198,0x00000000f1d00000)
  to   space 35840K, 0% used [0x00000000f9580000,0x00000000f9580000,0x00000000fb880000)
 ParOldGen       total 102400K, used 71912K [0x0000000080000000, 0x0000000086400000, 0x00000000d5580000)
  object space 102400K, 70% used [0x0000000080000000,0x000000008463a260,0x0000000086400000)
 Metaspace       used 90185K, capacity 94374K, committed 94504K, reserved 1130496K
  class space    used 11682K, capacity 12494K, committed 12584K, reserved 1048576K
GC Heap History (10 events):
Event: 7.580 GC heap before
{Heap before GC invocations=12 (full 2):
 PSYoungGen      total 257024K, used 49003K [0x00000000d5580000, 0x00000000ec600000, 0x0000000100000000)
  eden space 242176K, 14% used [0x00000000d5580000,0x00000000d76e1b88,0x00000000e4200000)
  from space 14848K, 99% used [0x00000000e4200000,0x00000000e5079320,0x00000000e5080000)
  to   space 22528K, 0% used [0x00000000eb000000,0x00000000eb000000,0x00000000ec600000)
 ParOldGen       total 71680K, used 30187K [0x0000000080000000, 0x0000000084600000, 0x00000000d5580000)
  object space 71680K, 42% used [0x0000000080000000,0x0000000081d7aeb0,0x0000000084600000)
 Metaspace       used 57164K, capacity 59078K, committed 59160K, reserved 1099776K
  class space    used 7631K, capacity 8094K, committed 8104K, reserved 1048576K
Event: 7.600 GC heap after
Heap after GC invocations=12 (full 2):
 PSYoungGen      total 353280K, used 16728K [0x00000000d5580000, 0x00000000ed480000, 0x0000000100000000)
  eden space 330752K, 0% used [0x00000000d5580000,0x00000000d5580000,0x00000000e9880000)
  from space 22528K, 74% used [0x00000000eb000000,0x00000000ec0560d8,0x00000000ec600000)
  to   space 24064K, 0% used [0x00000000e9880000,0x00000000e9880000,0x00000000eb000000)
 ParOldGen       total 71680K, used 30195K [0x0000000080000000, 0x0000000084600000, 0x00000000d5580000)
  object space 71680K, 42% used [0x0000000080000000,0x0000000081d7ceb0,0x0000000084600000)
 Metaspace       used 57164K, capacity 59078K, committed 59160K, reserved 1099776K
  class space    used 7631K, capacity 8094K, committed 8104K, reserved 1048576K
}
Event: 7.600 GC heap before
{Heap before GC invocations=13 (full 3):
 PSYoungGen      total 353280K, used 16728K [0x00000000d5580000, 0x00000000ed480000, 0x0000000100000000)
  eden space 330752K, 0% used [0x00000000d5580000,0x00000000d5580000,0x00000000e9880000)
  from space 22528K, 74% used [0x00000000eb000000,0x00000000ec0560d8,0x00000000ec600000)
  to   space 24064K, 0% used [0x00000000e9880000,0x00000000e9880000,0x00000000eb000000)
 ParOldGen       total 71680K, used 30195K [0x0000000080000000, 0x0000000084600000, 0x00000000d5580000)
  object space 71680K, 42% used [0x0000000080000000,0x0000000081d7ceb0,0x0000000084600000)
 Metaspace       used 57164K, capacity 59078K, committed 59160K, reserved 1099776K
  class space    used 7631K, capacity 8094K, committed 8104K, reserved 1048576K
Event: 7.834 GC heap after
Heap after GC invocations=13 (full 3):
 PSYoungGen      total 353280K, used 0K [0x00000000d5580000, 0x00000000ed480000, 0x0000000100000000)
  eden space 330752K, 0% used [0x00000000d5580000,0x00000000d5580000,0x00000000e9880000)
  from space 22528K, 0% used [0x00000000eb000000,0x00000000eb000000,0x00000000ec600000)
  to   space 24064K, 0% used [0x00000000e9880000,0x00000000e9880000,0x00000000eb000000)
 ParOldGen       total 102400K, used 30140K [0x0000000080000000, 0x0000000086400000, 0x00000000d5580000)
  object space 102400K, 29% used [0x0000000080000000,0x0000000081d6f2c8,0x0000000086400000)
 Metaspace       used 57162K, capacity 59072K, committed 59160K, reserved 1099776K
  class space    used 7630K, capacity 8093K, committed 8104K, reserved 1048576K
}
Event: 17.410 GC heap before
{Heap before GC invocations=14 (full 3):
 PSYoungGen      total 353280K, used 330752K [0x00000000d5580000, 0x00000000ed480000, 0x0000000100000000)
  eden space 330752K, 100% used [0x00000000d5580000,0x00000000e9880000,0x00000000e9880000)
  from space 22528K, 0% used [0x00000000eb000000,0x00000000eb000000,0x00000000ec600000)
  to   space 24064K, 0% used [0x00000000e9880000,0x00000000e9880000,0x00000000eb000000)
 ParOldGen       total 102400K, used 30140K [0x0000000080000000, 0x0000000086400000, 0x00000000d5580000)
  object space 102400K, 29% used [0x0000000080000000,0x0000000081d6f2c8,0x0000000086400000)
 Metaspace       used 65883K, capacity 68512K, committed 68776K, reserved 1107968K
  class space    used 8787K, capacity 9337K, committed 9384K, reserved 1048576K
Event: 17.437 GC heap after
Heap after GC invocations=14 (full 3):
 PSYoungGen      total 354816K, used 24060K [0x00000000d5580000, 0x00000000f4000000, 0x0000000100000000)
  eden space 330752K, 0% used [0x00000000d5580000,0x00000000d5580000,0x00000000e9880000)
  from space 24064K, 99% used [0x00000000e9880000,0x00000000eafff310,0x00000000eb000000)
  to   space 29696K, 0% used [0x00000000f2300000,0x00000000f2300000,0x00000000f4000000)
 ParOldGen       total 102400K, used 36328K [0x0000000080000000, 0x0000000086400000, 0x00000000d5580000)
  object space 102400K, 35% used [0x0000000080000000,0x000000008237a2a0,0x0000000086400000)
 Metaspace       used 65883K, capacity 68512K, committed 68776K, reserved 1107968K
  class space    used 8787K, capacity 9337K, committed 9384K, reserved 1048576K
}
Event: 21.638 GC heap before
{Heap before GC invocations=15 (full 3):
 PSYoungGen      total 354816K, used 354812K [0x00000000d5580000, 0x00000000f4000000, 0x0000000100000000)
  eden space 330752K, 100% used [0x00000000d5580000,0x00000000e9880000,0x00000000e9880000)
  from space 24064K, 99% used [0x00000000e9880000,0x00000000eafff310,0x00000000eb000000)
  to   space 29696K, 0% used [0x00000000f2300000,0x00000000f2300000,0x00000000f4000000)
 ParOldGen       total 102400K, used 36328K [0x0000000080000000, 0x0000000086400000, 0x00000000d5580000)
  object space 102400K, 35% used [0x0000000080000000,0x000000008237a2a0,0x0000000086400000)
 Metaspace       used 77191K, capacity 80154K, committed 80424K, reserved 1118208K
  class space    used 10047K, capacity 10674K, committed 10792K, reserved 1048576K
Event: 21.675 GC heap after
Heap after GC invocations=15 (full 3):
 PSYoungGen      total 459264K, used 27236K [0x00000000d5580000, 0x00000000f3e00000, 0x0000000100000000)
  eden space 431616K, 0% used [0x00000000d5580000,0x00000000d5580000,0x00000000efb00000)
  from space 27648K, 98% used [0x00000000f2300000,0x00000000f3d990e0,0x00000000f3e00000)
  to   space 33792K, 0% used [0x00000000efc00000,0x00000000efc00000,0x00000000f1d00000)
 ParOldGen       total 102400K, used 59540K [0x0000000080000000, 0x0000000086400000, 0x00000000d5580000)
  object space 102400K, 58% used [0x0000000080000000,0x0000000083a251f8,0x0000000086400000)
 Metaspace       used 77191K, capacity 80154K, committed 80424K, reserved 1118208K
  class space    used 10047K, capacity 10674K, committed 10792K, reserved 1048576K
}
Event: 24.964 GC heap before
{Heap before GC invocations=16 (full 3):
 PSYoungGen      total 459264K, used 458673K [0x00000000d5580000, 0x00000000f3e00000, 0x0000000100000000)
  eden space 431616K, 99% used [0x00000000d5580000,0x00000000efad3648,0x00000000efb00000)
  from space 27648K, 98% used [0x00000000f2300000,0x00000000f3d990e0,0x00000000f3e00000)
  to   space 33792K, 0% used [0x00000000efc00000,0x00000000efc00000,0x00000000f1d00000)
 ParOldGen       total 102400K, used 59540K [0x0000000080000000, 0x0000000086400000, 0x00000000d5580000)
  object space 102400K, 58% used [0x0000000080000000,0x0000000083a251f8,0x0000000086400000)
 Metaspace       used 87943K, capacity 91956K, committed 92200K, reserved 1128448K
  class space    used 11413K, capacity 12219K, committed 12328K, reserved 1048576K
Event: 25.031 GC heap after
Heap after GC invocations=16 (full 3):
 PSYoungGen      total 466432K, used 25768K [0x00000000d5580000, 0x00000000fb880000, 0x0000000100000000)
  eden space 432640K, 0% used [0x00000000d5580000,0x00000000d5580000,0x00000000efc00000)
  from space 33792K, 76% used [0x00000000efc00000,0x00000000f152a198,0x00000000f1d00000)
  to   space 35840K, 0% used [0x00000000f9580000,0x00000000f9580000,0x00000000fb880000)
 ParOldGen       total 102400K, used 71912K [0x0000000080000000, 0x0000000086400000, 0x00000000d5580000)
  object space 102400K, 70% used [0x0000000080000000,0x000000008463a260,0x0000000086400000)
 Metaspace       used 87943K, capacity 91956K, committed 92200K, reserved 1128448K
  class space    used 11413K, capacity 12219K, committed 12328K, reserved 1048576K
}

