# JRE version: OpenJDK Runtime Environment (8.0_242-b01) (build 1.8.0_242-release-1644-b01)
# Java VM: OpenJDK 64-Bit Server VM (25.242-b01 mixed mode windows-amd64 compressed oops)
Heap:
 PSYoungGen      total 297472K, used 259605K [0x00000000d5580000, 0x00000000e9a80000, 0x0000000100000000)
  eden space 262144K, 85% used [0x00000000d5580000,0x00000000e3086258,0x00000000e5580000)
  from space 35328K, 99% used [0x00000000e5580000,0x00000000e77ff4f8,0x00000000e7800000)
  to   space 35328K, 0% used [0x00000000e7800000,0x00000000e7800000,0x00000000e9a80000)
 ParOldGen       total 187904K, used 105114K [0x0000000080000000, 0x000000008b780000, 0x00000000d5580000)
  object space 187904K, 55% used [0x0000000080000000,0x00000000866a6990,0x000000008b780000)
 Metaspace       used 100510K, capacity 105460K, committed 105496K, reserved 1140736K
  class space    used 13076K, capacity 14102K, committed 14128K, reserved 1048576K
GC Heap History (10 events):
Event: 280.240 GC heap before
{Heap before GC invocations=23 (full 3):
 PSYoungGen      total 226304K, used 214473K [0x00000000d5580000, 0x00000000e6180000, 0x0000000100000000)
  eden space 198144K, 100% used [0x00000000d5580000,0x00000000e1700000,0x00000000e1700000)
  from space 28160K, 57% used [0x00000000e1700000,0x00000000e26f24d8,0x00000000e3280000)
  to   space 28160K, 0% used [0x00000000e4600000,0x00000000e4600000,0x00000000e6180000)
 ParOldGen       total 117248K, used 67024K [0x0000000080000000, 0x0000000087280000, 0x00000000d5580000)
  object space 117248K, 57% used [0x0000000080000000,0x0000000084174390,0x0000000087280000)
 Metaspace       used 90343K, capacity 94332K, committed 94616K, reserved 1130496K
  class space    used 11789K, capacity 12626K, committed 12720K, reserved 1048576K
Event: 280.264 GC heap after
Heap after GC invocations=23 (full 3):
 PSYoungGen      total 243712K, used 23615K [0x00000000d5580000, 0x00000000e6600000, 0x0000000100000000)
  eden space 215552K, 0% used [0x00000000d5580000,0x00000000d5580000,0x00000000e2800000)
  from space 28160K, 83% used [0x00000000e4600000,0x00000000e5d0ff48,0x00000000e6180000)
  to   space 30720K, 0% used [0x00000000e2800000,0x00000000e2800000,0x00000000e4600000)
 ParOldGen       total 117248K, used 67048K [0x0000000080000000, 0x0000000087280000, 0x00000000d5580000)
  object space 117248K, 57% used [0x0000000080000000,0x000000008417a390,0x0000000087280000)
 Metaspace       used 90343K, capacity 94332K, committed 94616K, reserved 1130496K
  class space    used 11789K, capacity 12626K, committed 12720K, reserved 1048576K
}
Event: 282.366 GC heap before
{Heap before GC invocations=24 (full 3):
 PSYoungGen      total 243712K, used 79015K [0x00000000d5580000, 0x00000000e6600000, 0x0000000100000000)
  eden space 215552K, 25% used [0x00000000d5580000,0x00000000d8b99ce8,0x00000000e2800000)
  from space 28160K, 83% used [0x00000000e4600000,0x00000000e5d0ff48,0x00000000e6180000)
  to   space 30720K, 0% used [0x00000000e2800000,0x00000000e2800000,0x00000000e4600000)
 ParOldGen       total 117248K, used 67048K [0x0000000080000000, 0x0000000087280000, 0x00000000d5580000)
  object space 117248K, 57% used [0x0000000080000000,0x000000008417a390,0x0000000087280000)
 Metaspace       used 94074K, capacity 98438K, committed 98584K, reserved 1134592K
  class space    used 12355K, capacity 13269K, committed 13360K, reserved 1048576K
Event: 282.475 GC heap after
Heap after GC invocations=24 (full 3):
 PSYoungGen      total 246272K, used 30704K [0x00000000d5580000, 0x00000000e9b80000, 0x0000000100000000)
  eden space 215552K, 0% used [0x00000000d5580000,0x00000000d5580000,0x00000000e2800000)
  from space 30720K, 99% used [0x00000000e2800000,0x00000000e45fc060,0x00000000e4600000)
  to   space 36352K, 0% used [0x00000000e7800000,0x00000000e7800000,0x00000000e9b80000)
 ParOldGen       total 117248K, used 68541K [0x0000000080000000, 0x0000000087280000, 0x00000000d5580000)
  object space 117248K, 58% used [0x0000000080000000,0x00000000842ef678,0x0000000087280000)
 Metaspace       used 94074K, capacity 98438K, committed 98584K, reserved 1134592K
  class space    used 12355K, capacity 13269K, committed 13360K, reserved 1048576K
}
Event: 282.475 GC heap before
{Heap before GC invocations=25 (full 4):
 PSYoungGen      total 246272K, used 30704K [0x00000000d5580000, 0x00000000e9b80000, 0x0000000100000000)
  eden space 215552K, 0% used [0x00000000d5580000,0x00000000d5580000,0x00000000e2800000)
  from space 30720K, 99% used [0x00000000e2800000,0x00000000e45fc060,0x00000000e4600000)
  to   space 36352K, 0% used [0x00000000e7800000,0x00000000e7800000,0x00000000e9b80000)
 ParOldGen       total 117248K, used 68541K [0x0000000080000000, 0x0000000087280000, 0x00000000d5580000)
  object space 117248K, 58% used [0x0000000080000000,0x00000000842ef678,0x0000000087280000)
 Metaspace       used 94074K, capacity 98438K, committed 98584K, reserved 1134592K
  class space    used 12355K, capacity 13269K, committed 13360K, reserved 1048576K
Event: 283.241 GC heap after
Heap after GC invocations=25 (full 4):
 PSYoungGen      total 246272K, used 0K [0x00000000d5580000, 0x00000000e9b80000, 0x0000000100000000)
  eden space 215552K, 0% used [0x00000000d5580000,0x00000000d5580000,0x00000000e2800000)
  from space 30720K, 0% used [0x00000000e2800000,0x00000000e2800000,0x00000000e4600000)
  to   space 36352K, 0% used [0x00000000e7800000,0x00000000e7800000,0x00000000e9b80000)
 ParOldGen       total 187904K, used 84835K [0x0000000080000000, 0x000000008b780000, 0x00000000d5580000)
  object space 187904K, 45% used [0x0000000080000000,0x00000000852d8e00,0x000000008b780000)
 Metaspace       used 93826K, capacity 97744K, committed 98584K, reserved 1134592K
  class space    used 12272K, capacity 13124K, committed 13360K, reserved 1048576K
}
Event: 285.978 GC heap before
{Heap before GC invocations=26 (full 4):
 PSYoungGen      total 246272K, used 215465K [0x00000000d5580000, 0x00000000e9b80000, 0x0000000100000000)
  eden space 215552K, 99% used [0x00000000d5580000,0x00000000e27ea4c0,0x00000000e2800000)
  from space 30720K, 0% used [0x00000000e2800000,0x00000000e2800000,0x00000000e4600000)
  to   space 36352K, 0% used [0x00000000e7800000,0x00000000e7800000,0x00000000e9b80000)
 ParOldGen       total 187904K, used 84835K [0x0000000080000000, 0x000000008b780000, 0x00000000d5580000)
  object space 187904K, 45% used [0x0000000080000000,0x00000000852d8e00,0x000000008b780000)
 Metaspace       used 98478K, capacity 103086K, committed 103192K, reserved 1138688K
  class space    used 12825K, capacity 13767K, committed 13872K, reserved 1048576K
Event: 286.000 GC heap after
Heap after GC invocations=26 (full 4):
 PSYoungGen      total 297472K, used 6990K [0x00000000d5580000, 0x00000000e9a80000, 0x0000000100000000)
  eden space 262144K, 0% used [0x00000000d5580000,0x00000000d5580000,0x00000000e5580000)
  from space 35328K, 19% used [0x00000000e7800000,0x00000000e7ed3938,0x00000000e9a80000)
  to   space 35328K, 0% used [0x00000000e5580000,0x00000000e5580000,0x00000000e7800000)
 ParOldGen       total 187904K, used 84843K [0x0000000080000000, 0x000000008b780000, 0x00000000d5580000)
  object space 187904K, 45% used [0x0000000080000000,0x00000000852dae00,0x000000008b780000)
 Metaspace       used 98478K, capacity 103086K, committed 103192K, reserved 1138688K
  class space    used 12825K, capacity 13767K, committed 13872K, reserved 1048576K
}
Event: 288.266 GC heap before
{Heap before GC invocations=27 (full 4):
 PSYoungGen      total 297472K, used 269134K [0x00000000d5580000, 0x00000000e9a80000, 0x0000000100000000)
  eden space 262144K, 100% used [0x00000000d5580000,0x00000000e5580000,0x00000000e5580000)
  from space 35328K, 19% used [0x00000000e7800000,0x00000000e7ed3938,0x00000000e9a80000)
  to   space 35328K, 0% used [0x00000000e5580000,0x00000000e5580000,0x00000000e7800000)
 ParOldGen       total 187904K, used 84843K [0x0000000080000000, 0x000000008b780000, 0x00000000d5580000)
  object space 187904K, 45% used [0x0000000080000000,0x00000000852dae00,0x000000008b780000)
 Metaspace       used 99529K, capacity 104250K, committed 104600K, reserved 1140736K
  class space    used 12947K, capacity 13883K, committed 14000K, reserved 1048576K
Event: 288.329 GC heap after
Heap after GC invocations=27 (full 4):
 PSYoungGen      total 297472K, used 35325K [0x00000000d5580000, 0x00000000e9a80000, 0x0000000100000000)
  eden space 262144K, 0% used [0x00000000d5580000,0x00000000d5580000,0x00000000e5580000)
  from space 35328K, 99% used [0x00000000e5580000,0x00000000e77ff4f8,0x00000000e7800000)
  to   space 35328K, 0% used [0x00000000e7800000,0x00000000e7800000,0x00000000e9a80000)
 ParOldGen       total 187904K, used 105114K [0x0000000080000000, 0x000000008b780000, 0x00000000d5580000)
  object space 187904K, 55% used [0x0000000080000000,0x00000000866a6990,0x000000008b780000)
 Metaspace       used 99529K, capacity 104250K, committed 104600K, reserved 1140736K
  class space    used 12947K, capacity 13883K, committed 14000K, reserved 1048576K
}

